<?xml version="1.0" encoding="UTF-8"?>
<testng-results skipped="0" failed="0" total="1" passed="1">
  <reporter-output>
  </reporter-output>
  <suite name="Default suite" duration-ms="72200" started-at="2019-01-14T06:02:31Z" finished-at="2019-01-14T06:03:44Z">
    <groups>
    </groups>
    <test name="Default test" duration-ms="72200" started-at="2019-01-14T06:02:31Z" finished-at="2019-01-14T06:03:44Z">
      <class name="testpkg.LoginWithDiffData">
        <test-method status="PASS" signature="loginApp()[pri:0, instance:testpkg.LoginWithDiffData@5c3bd550]" name="loginApp" duration-ms="72167" started-at="2019-01-14T11:32:31Z" finished-at="2019-01-14T11:33:44Z">
          <reporter-output>
          </reporter-output>
        </test-method> <!-- loginApp -->
        <test-method status="PASS" signature="tearDown()[pri:0, instance:testpkg.LoginWithDiffData@5c3bd550]" name="tearDown" is-config="true" duration-ms="16" started-at="2019-01-14T11:33:44Z" finished-at="2019-01-14T11:33:44Z">
          <reporter-output>
          </reporter-output>
        </test-method> <!-- tearDown -->
      </class> <!-- testpkg.LoginWithDiffData -->
    </test> <!-- Default test -->
  </suite> <!-- Default suite -->
</testng-results>
